<?xml version="1.0" encoding="UTF-8"?>
<testsuite name="com.example.test_spring.TestSpringApplicationTests" tests="1" skipped="0" failures="0" errors="0" timestamp="2024-08-19T14:50:42" hostname="DESKTOP-U97DCG1" time="0.703">
  <properties/>
  <testcase name="contextLoads()" classname="com.example.test_spring.TestSpringApplicationTests" time="0.703"/>
  <system-out><![CDATA[23:50:41.018 [Test worker] INFO org.springframework.test.context.support.AnnotationConfigContextLoaderUtils -- Could not detect default configuration classes for test class [com.example.test_spring.TestSpringApplicationTests]: TestSpringApplicationTests does not declare any static, non-private, non-final, nested classes annotated with @Configuration.
23:50:41.119 [Test worker] INFO org.springframework.boot.test.context.SpringBootTestContextBootstrapper -- Found @SpringBootConfiguration com.example.test_spring.TestSpringApplication for test class com.example.test_spring.TestSpringApplicationTests

  .   ____          _            __ _ _
 /\\ / ___'_ __ _ _(_)_ __  __ _ \ \ \ \
( ( )\___ | '_ | '_| | '_ \/ _` | \ \ \ \
 \\/  ___)| |_)| | | | | || (_| |  ) ) ) )
  '  |____| .__|_| |_|_| |_\__, | / / / /
 =========|_|==============|___/=/_/_/_/

 :: Spring Boot ::                (v3.3.2)

2024-08-19T23:50:41.494+09:00  INFO 15920 --- [test_spring] [    Test worker] c.e.t.TestSpringApplicationTests         : Starting TestSpringApplicationTests using Java 17.0.12 with PID 15920 (started by user in C:\Users\user\IdeaProjects\test_spring)
2024-08-19T23:50:41.494+09:00  INFO 15920 --- [test_spring] [    Test worker] c.e.t.TestSpringApplicationTests         : No active profile set, falling back to 1 default profile: "default"
2024-08-19T23:50:42.175+09:00  WARN 15920 --- [test_spring] [    Test worker] trationDelegate$BeanPostProcessorChecker : Bean 'org.springframework.ws.config.annotation.DelegatingWsConfiguration' of type [org.springframework.ws.config.annotation.DelegatingWsConfiguration$$SpringCGLIB$$0] is not eligible for getting processed by all BeanPostProcessors (for example: not eligible for auto-proxying). The currently created BeanPostProcessor [annotationActionEndpointMapping] is declared through a non-static factory method on that class; consider declaring it as static instead.
2024-08-19T23:50:42.292+09:00  INFO 15920 --- [test_spring] [    Test worker] .w.s.a.s.AnnotationActionEndpointMapping : Supporting [WS-Addressing August 2004, WS-Addressing 1.0]
2024-08-19T23:50:42.717+09:00  INFO 15920 --- [test_spring] [    Test worker] c.e.t.TestSpringApplicationTests         : Started TestSpringApplicationTests in 1.453 seconds (process running for 2.61)
]]></system-out>
  <system-err><![CDATA[]]></system-err>
</testsuite>
